<?xml version="1.0" encoding="UTF-8"?>
<testsuite name="CinemaTests" tests="1" skipped="0" failures="0" errors="0" timestamp="2021-07-19T20:24:28" hostname="CAB-WSM-0010616" time="13.381">
  <properties/>
  <testcase name="start" classname="CinemaTests" time="13.381"/>
  <system-out><![CDATA[?[1;31m
Start test 1?[0m

  .   ____          _            __ _ _
 /\\ / ___'_ __ _ _(_)_ __  __ _ \ \ \ \
( ( )\___ | '_ | '_| | '_ \/ _` | \ \ \ \
 \\/  ___)| |_)| | | | | || (_| |  ) ) ) )
  '  |____| .__|_| |_|_| |_\__, | / / / /
 =========|_|==============|___/=/_/_/_/
 :: Spring Boot ::        (v2.3.1.RELEASE)

2021-07-19 23:24:29.229  INFO 66719 --- [    Test worker] cinema.Main                              : Starting Main on CAB-WSM-0010616 with PID 66719 (started by a18446207 in /Users/a18446207/Downloads/stepic_java_webserver-master/Cinema Room REST Service/Cinema Room REST Service/task)
2021-07-19 23:24:29.233  INFO 66719 --- [    Test worker] cinema.Main                              : No active profile set, falling back to default profiles: default
2021-07-19 23:24:30.247  INFO 66719 --- [    Test worker] o.s.b.w.embedded.tomcat.TomcatWebServer  : Tomcat initialized with port(s): 28852 (http)
2021-07-19 23:24:30.258  INFO 66719 --- [    Test worker] o.apache.catalina.core.StandardService   : Starting service [Tomcat]
2021-07-19 23:24:30.258  INFO 66719 --- [    Test worker] org.apache.catalina.core.StandardEngine  : Starting Servlet engine: [Apache Tomcat/9.0.36]
2021-07-19 23:24:30.344  INFO 66719 --- [    Test worker] o.a.c.c.C.[Tomcat].[localhost].[/]       : Initializing Spring embedded WebApplicationContext
2021-07-19 23:24:30.344  INFO 66719 --- [    Test worker] w.s.c.ServletWebServerApplicationContext : Root WebApplicationContext: initialization completed in 1067 ms
2021-07-19 23:24:30.584  INFO 66719 --- [    Test worker] o.s.s.concurrent.ThreadPoolTaskExecutor  : Initializing ExecutorService 'applicationTaskExecutor'
2021-07-19 23:24:30.806  INFO 66719 --- [    Test worker] o.s.b.a.e.web.EndpointLinksResolver      : Exposing 14 endpoint(s) beneath base path '/actuator'
2021-07-19 23:24:30.853  INFO 66719 --- [    Test worker] o.s.b.w.embedded.tomcat.TomcatWebServer  : Tomcat started on port(s): 28852 (http) with context path ''
2021-07-19 23:24:30.867  INFO 66719 --- [    Test worker] cinema.Main                              : Started Main in 1.898 seconds (JVM running for 2.462)
2021-07-19 23:24:31.204  INFO 66719 --- [io-28852-exec-1] o.a.c.c.C.[Tomcat].[localhost].[/]       : Initializing Spring DispatcherServlet 'dispatcherServlet'
2021-07-19 23:24:31.205  INFO 66719 --- [io-28852-exec-1] o.s.web.servlet.DispatcherServlet        : Initializing Servlet 'dispatcherServlet'
2021-07-19 23:24:31.211  INFO 66719 --- [io-28852-exec-1] o.s.web.servlet.DispatcherServlet        : Completed initialization in 6 ms
?[1;31m
Start test 2?[0m
?[1;31m
Start test 3?[0m
?[1;31m
Start test 4?[0m
?[1;31m
Start test 5?[0m
?[1;31m
Start test 6?[0m
?[1;31m
Start test 7?[0m
2021-07-19 23:24:31.969  INFO 66719 --- [     Thread-243] o.s.s.concurrent.ThreadPoolTaskExecutor  : Shutting down ExecutorService 'applicationTaskExecutor'

  .   ____          _            __ _ _
 /\\ / ___'_ __ _ _(_)_ __  __ _ \ \ \ \
( ( )\___ | '_ | '_| | '_ \/ _` | \ \ \ \
 \\/  ___)| |_)| | | | | || (_| |  ) ) ) )
  '  |____| .__|_| |_|_| |_\__, | / / / /
 =========|_|==============|___/=/_/_/_/
 :: Spring Boot ::        (v2.3.1.RELEASE)

2021-07-19 23:24:41.760  INFO 66719 --- [    Test worker] cinema.Main                              : Starting Main on CAB-WSM-0010616 with PID 66719 (started by a18446207 in /Users/a18446207/Downloads/stepic_java_webserver-master/Cinema Room REST Service/Cinema Room REST Service/task)
2021-07-19 23:24:41.761  INFO 66719 --- [    Test worker] cinema.Main                              : No active profile set, falling back to default profiles: default
2021-07-19 23:24:41.977  INFO 66719 --- [    Test worker] o.s.b.w.embedded.tomcat.TomcatWebServer  : Tomcat initialized with port(s): 28852 (http)
2021-07-19 23:24:41.978  INFO 66719 --- [    Test worker] o.apache.catalina.core.StandardService   : Starting service [Tomcat]
2021-07-19 23:24:41.978  INFO 66719 --- [    Test worker] org.apache.catalina.core.StandardEngine  : Starting Servlet engine: [Apache Tomcat/9.0.36]
2021-07-19 23:24:41.988  INFO 66719 --- [    Test worker] o.a.c.c.C.[Tomcat].[localhost].[/]       : Initializing Spring embedded WebApplicationContext
2021-07-19 23:24:41.988  INFO 66719 --- [    Test worker] w.s.c.ServletWebServerApplicationContext : Root WebApplicationContext: initialization completed in 225 ms
2021-07-19 23:24:42.041  INFO 66719 --- [    Test worker] o.s.s.concurrent.ThreadPoolTaskExecutor  : Initializing ExecutorService 'applicationTaskExecutor'
2021-07-19 23:24:42.116  INFO 66719 --- [    Test worker] o.s.b.a.e.web.EndpointLinksResolver      : Exposing 14 endpoint(s) beneath base path '/actuator'
2021-07-19 23:24:42.126  INFO 66719 --- [    Test worker] o.s.b.w.embedded.tomcat.TomcatWebServer  : Tomcat started on port(s): 28852 (http) with context path ''
2021-07-19 23:24:42.131  INFO 66719 --- [    Test worker] cinema.Main                              : Started Main in 0.391 seconds (JVM running for 13.725)
2021-07-19 23:24:42.136  INFO 66719 --- [io-28852-exec-1] o.a.c.c.C.[Tomcat].[localhost].[/]       : Initializing Spring DispatcherServlet 'dispatcherServlet'
2021-07-19 23:24:42.137  INFO 66719 --- [io-28852-exec-1] o.s.web.servlet.DispatcherServlet        : Initializing Servlet 'dispatcherServlet'
2021-07-19 23:24:42.139  INFO 66719 --- [io-28852-exec-1] o.s.web.servlet.DispatcherServlet        : Completed initialization in 2 ms
?[1;31m
Start test 8?[0m
?[1;31m
Start test 9?[0m
?[1;31m
Start test 10?[0m
?[1;31m
Start test 11?[0m
?[1;31m
Start test 12?[0m
]]></system-out>
  <system-err><![CDATA[]]></system-err>
</testsuite>
